###############################################################
#  Generated by:      Cadence Innovus 16.20-p002_1
#  OS:                Linux x86_64(Host ID joker.ece.northwestern.edu)
#  Generated on:      Wed Dec 10 21:34:19 2025
#  Design:            eyeriss_top
#  Command:           report_timing > timing.rpt
###############################################################
Path 1: MET Setup Check with Pin noc_inst/genblk1[5].psum_fifo_inst_dout_reg[1]/
CK 
Endpoint:   noc_inst/genblk1[5].psum_fifo_inst_dout_reg[1]/D (v) checked with  
leading edge of 'clk_i'
Beginpoint: psum_rd_en_i[5]                                  (v) triggered by  
leading edge of 'clk_i'
Path Groups: {clk_i}
Analysis View: an
Other End Arrival Time          0.000
- Setup                         0.042
+ Phase Shift                   1.200
+ CPPR Adjustment               0.000
- Uncertainty                   0.030
= Required Time                 1.128
- Arrival Time                  1.076
= Slack Time                    0.052
     Clock Rise Edge                      0.000
     + Input Delay                        0.200
     = Beginpoint Arrival Time            0.200
     +------------------------------------------------------------------------------------------------------------+ 
     |                    Instance                    |        Arc        |   Cell   | Delay | Arrival | Required | 
     |                                                |                   |          |       |  Time   |   Time   | 
     |------------------------------------------------+-------------------+----------+-------+---------+----------| 
     |                                                | psum_rd_en_i[5] v |          |       |   0.200 |    0.252 | 
     | noc_inst/FE_OFC15252_psum_rd_en_i_5            | A v -> Z v        | BUF_X16  | 0.056 |   0.256 |    0.308 | 
     | noc_inst/g89075                                | A2 v -> ZN v      | AND2_X2  | 0.164 |   0.420 |    0.472 | 
     | noc_inst/g89053                                | A1 v -> ZN v      | AND2_X4  | 0.031 |   0.451 |    0.503 | 
     | noc_inst/FE_RC_7184_0                          | A1 v -> ZN ^      | NAND3_X4 | 0.015 |   0.466 |    0.518 | 
     | noc_inst/FE_RC_7185_0                          | A ^ -> ZN v       | INV_X4   | 0.011 |   0.477 |    0.529 | 
     | noc_inst/FE_RC_7186_0                          | A1 v -> ZN ^      | NAND3_X2 | 0.015 |   0.492 |    0.544 | 
     | noc_inst/FE_RC_7187_0                          | A ^ -> ZN v       | INV_X2   | 0.012 |   0.505 |    0.557 | 
     | noc_inst/g88977                                | A1 v -> ZN v      | OR2_X1   | 0.048 |   0.552 |    0.604 | 
     | noc_inst/g88973                                | A2 v -> ZN v      | AND2_X4  | 0.039 |   0.591 |    0.643 | 
     | noc_inst/g88968                                | A1 v -> ZN v      | AND2_X4  | 0.039 |   0.630 |    0.682 | 
     | noc_inst/g88671                                | A2 v -> ZN v      | AND2_X4  | 0.062 |   0.692 |    0.744 | 
     | noc_inst/g87454                                | B1 v -> ZN ^      | AOI22_X1 | 0.123 |   0.815 |    0.867 | 
     | noc_inst/g86486                                | A4 ^ -> ZN ^      | AND4_X1  | 0.095 |   0.910 |    0.962 | 
     | noc_inst/g85967                                | A1 ^ -> ZN v      | NAND2_X1 | 0.028 |   0.939 |    0.991 | 
     | noc_inst/g85559                                | A1 v -> ZN ^      | NOR2_X2  | 0.037 |   0.976 |    1.028 | 
     | noc_inst/g90866                                | A1 ^ -> ZN ^      | AND4_X1  | 0.072 |   1.048 |    1.100 | 
     | noc_inst/g85432                                | A2 ^ -> ZN v      | NAND3_X1 | 0.027 |   1.076 |    1.127 | 
     | noc_inst/genblk1[5].psum_fifo_inst_dout_reg[1] | D v               | DFF_X1   | 0.000 |   1.076 |    1.128 | 
     +------------------------------------------------------------------------------------------------------------+ 

