============================================================
  Generated by:           Genus(TM) Synthesis Solution 18.14-s037_1
  Generated on:           Dec 10 2025  12:01:12 pm
  Module:                 eyeriss_top
  Operating conditions:   typical 
  Interconnect mode:      global
  Area mode:              physical library
============================================================


Path 1: MET (0 ps) Setup Check with Pin noc_inst/pe_array_inst_rows[1].cols[2].internal_rows.pe_inst/psum_r_reg[15]/CK->D
          Group: clk_i
     Startpoint: (R) noc_inst/pe_array_inst_rows[1].cols[2].internal_rows.pe_inst/count_r_reg[1]/CK
          Clock: (R) clk_i
       Endpoint: (R) noc_inst/pe_array_inst_rows[1].cols[2].internal_rows.pe_inst/psum_r_reg[15]/D
          Clock: (R) clk_i

                     Capture       Launch     
        Clock Edge:+    1000            0     
       Src Latency:+       0            0     
       Net Latency:+       0 (I)        0 (I) 
           Arrival:=    1000            0     
                                              
             Setup:-      32                  
       Uncertainty:-      30                  
     Required Time:=     938                  
      Launch Clock:-       0                  
         Data Path:-     938                  
             Slack:=       0                  

#---------------------------------------------------------------------------------------------------------------------------------------------------------------------------------
#                                              Timing Point                                               Flags    Arc   Edge   Cell     Fanout Load Trans Delay Arrival Instance 
#                                                                                                                                               (fF)  (ps)  (ps)   (ps)  Location 
#---------------------------------------------------------------------------------------------------------------------------------------------------------------------------------
  noc_inst/pe_array_inst_rows[1].cols[2].internal_rows.pe_inst/count_r_reg[1]/CK                          -       -      R     (arrival)  61420    -     0     -       0    (-,-) 
  noc_inst/pe_array_inst_rows[1].cols[2].internal_rows.pe_inst/count_r_reg[1]/QN                          -       CK->QN F     DFF_X1         5 13.8    24    88      88    (-,-) 
  noc_inst/pe_array_inst_rows[1].cols[2].internal_rows.pe_inst/g5680/Z                                    -       A->Z   F     BUF_X4         2 12.8     7    35     123    (-,-) 
  noc_inst/pe_array_inst_rows[1].cols[2].internal_rows.pe_inst/g5617/ZN                                   -       A1->ZN R     NAND2_X4       6 13.0    13    18     141    (-,-) 
  noc_inst/pe_array_inst_rows[1].cols[2].internal_rows.pe_inst/fopt5710/ZN                                -       A->ZN  F     INV_X2         5  8.7     7    13     154    (-,-) 
  noc_inst/pe_array_inst_rows[1].cols[2].internal_rows.pe_inst/g5593/ZN                                   -       A1->ZN R     NAND2_X1       1  2.0    10    14     168    (-,-) 
  noc_inst/pe_array_inst_rows[1].cols[2].internal_rows.pe_inst/g5528/ZN                                   -       A2->ZN F     NAND2_X1       1  3.0     9    17     185    (-,-) 
  noc_inst/pe_array_inst_rows[1].cols[2].internal_rows.pe_inst/g5461/ZN                                   -       A1->ZN R     NOR2_X2        1  6.3    22    31     216    (-,-) 
  noc_inst/pe_array_inst_rows[1].cols[2].internal_rows.pe_inst/g5428/ZN                                   -       A1->ZN F     NAND2_X4      11 18.1    13    23     239    (-,-) 
  noc_inst/pe_array_inst_rows[1].cols[2].internal_rows.pe_inst/csa_tree_mul_126_56_g7943/ZN               -       A->ZN  R     INV_X2        10 17.1    22    32     271    (-,-) 
  noc_inst/pe_array_inst_rows[1].cols[2].internal_rows.pe_inst/csa_tree_mul_126_56_g7742/ZN               -       A1->ZN F     NAND2_X1       1  6.0    16    26     297    (-,-) 
  noc_inst/pe_array_inst_rows[1].cols[2].internal_rows.pe_inst/csa_tree_mul_126_56_g7736/ZN               -       A1->ZN R     NAND2_X4       5 13.7    13    22     319    (-,-) 
  noc_inst/pe_array_inst_rows[1].cols[2].internal_rows.pe_inst/csa_tree_mul_126_56_g7683/ZN               -       A->ZN  F     INV_X1         3  5.5     8    14     334    (-,-) 
  noc_inst/pe_array_inst_rows[1].cols[2].internal_rows.pe_inst/csa_tree_mul_126_56_g7462/ZN               -       B2->ZN R     OAI22_X1       3  5.9    50    64     398    (-,-) 
  noc_inst/pe_array_inst_rows[1].cols[2].internal_rows.pe_inst/g8075/Z                                    -       S->Z   F     MUX2_X1        1  2.5    11    65     463    (-,-) 
  noc_inst/pe_array_inst_rows[1].cols[2].internal_rows.pe_inst/g8040/Z                                    -       A->Z   F     XOR2_X1        2  4.7    16    56     519    (-,-) 
  noc_inst/pe_array_inst_rows[1].cols[2].internal_rows.pe_inst/csa_tree_mul_126_56_g7211/ZN               -       A->ZN  R     INV_X1         1  5.1    15    25     544    (-,-) 
  noc_inst/pe_array_inst_rows[1].cols[2].internal_rows.pe_inst/csa_tree_mul_126_56_g7151/ZN               -       B->ZN  R     XNOR2_X2       1  4.3    21    40     584    (-,-) 
  noc_inst/pe_array_inst_rows[1].cols[2].internal_rows.pe_inst/csa_tree_mul_126_56_g7139/ZN               -       A->ZN  R     XNOR2_X2       2  4.9    22    42     626    (-,-) 
  noc_inst/pe_array_inst_rows[1].cols[2].internal_rows.pe_inst/csa_tree_add_126_37_groupi_cdnfadd_011_0/S -       CI->S  F     FA_X1          2  3.5    17    98     723    (-,-) 
  noc_inst/pe_array_inst_rows[1].cols[2].internal_rows.pe_inst/csa_tree_add_126_37_groupi_g851/ZN         -       A->ZN  R     INV_X1         1  3.6    12    22     745    (-,-) 
  noc_inst/pe_array_inst_rows[1].cols[2].internal_rows.pe_inst/csa_tree_add_126_37_groupi_g838/ZN         -       A1->ZN F     NOR2_X2        2  7.8    11    13     758    (-,-) 
  noc_inst/pe_array_inst_rows[1].cols[2].internal_rows.pe_inst/csa_tree_add_126_37_groupi_g792/ZN         -       A->ZN  R     AOI21_X4       1  3.8    18    36     794    (-,-) 
  noc_inst/pe_array_inst_rows[1].cols[2].internal_rows.pe_inst/csa_tree_add_126_37_groupi_g786/ZN         -       A2->ZN F     NAND2_X2       3  6.6    10    20     814    (-,-) 
  noc_inst/pe_array_inst_rows[1].cols[2].internal_rows.pe_inst/csa_tree_add_126_37_groupi_g785/ZN         -       A->ZN  R     INV_X2         1  3.8     8    14     828    (-,-) 
  noc_inst/pe_array_inst_rows[1].cols[2].internal_rows.pe_inst/csa_tree_add_126_37_groupi_g761/ZN         -       A2->ZN F     NAND2_X2       2  5.3    10    15     843    (-,-) 
  noc_inst/pe_array_inst_rows[1].cols[2].internal_rows.pe_inst/csa_tree_add_126_37_groupi_g754/ZN         -       B1->ZN R     AOI21_X2       1  2.5    19    24     867    (-,-) 
  noc_inst/pe_array_inst_rows[1].cols[2].internal_rows.pe_inst/csa_tree_add_126_37_groupi_g749/ZN         -       A->ZN  R     XNOR2_X1       1  1.9    20    41     908    (-,-) 
  noc_inst/pe_array_inst_rows[1].cols[2].internal_rows.pe_inst/g3979/ZN                                   -       A1->ZN F     NAND2_X1       1  1.8    11    16     924    (-,-) 
  noc_inst/pe_array_inst_rows[1].cols[2].internal_rows.pe_inst/g3978/ZN                                   -       A1->ZN R     NAND2_X1       1  1.4     9    14     938    (-,-) 
  noc_inst/pe_array_inst_rows[1].cols[2].internal_rows.pe_inst/psum_r_reg[15]/D                           <<<     -      R     DFF_X1         1    -     -     0     938    (-,-) 
#---------------------------------------------------------------------------------------------------------------------------------------------------------------------------------

