============================================================
  Generated by:           Genus(TM) Synthesis Solution 18.14-s037_1
  Generated on:           Dec 10 2025  12:01:13 pm
  Module:                 eyeriss_top
  Operating conditions:   typical 
  Interconnect mode:      global
  Area mode:              physical library
============================================================

                        Instance                                              Module                        Cell Count  Cell Area   Net Area   Total Area 
----------------------------------------------------------------------------------------------------------------------------------------------------------
eyeriss_top                                                                                                     166895 502114.634 249671.435   751786.069 
  noc_inst                                              noc_G_ARRAY_HEIGHT5_G_ARRAY_WIDTH6_G_TOP_BITS2_G_B       76655 182903.196 107156.438   290059.634 
    genblk1[1].psum_fifo_inst                           fifo_FIFO_DATA_WIDTH16_FIFO_BUFFER_SIZE140_2094           4259  16690.968   7159.234    23850.202 
    genblk1[2].psum_fifo_inst                           fifo_FIFO_DATA_WIDTH16_FIFO_BUFFER_SIZE140_2093           4254  16673.678   7155.184    23828.862 
    pe_array_inst_rows[1].cols[4].internal_rows.pe_inst pe_G_BUF_ADDR_WIDTH10_G_BUF_DATA_WIDTH8_G_TOP_BITS        1678   2706.816   2051.941     4758.757 
    pe_array_inst_rows[3].cols[1].internal_rows.pe_inst pe_G_BUF_ADDR_WIDTH10_G_BUF_DATA_WIDTH8_G_TOP_BITS        1672   2702.028   2047.082     4749.110 
    pe_array_inst_rows[1].cols[2].internal_rows.pe_inst pe_G_BUF_ADDR_WIDTH10_G_BUF_DATA_WIDTH8_G_TOP_BITS        1675   2693.516   2049.512     4743.028 
    pe_array_inst_rows[1].cols[1].internal_rows.pe_inst pe_G_BUF_ADDR_WIDTH10_G_BUF_DATA_WIDTH8_G_TOP_BITS        1675   2693.516   2049.512     4743.028 
    pe_array_inst_rows[4].cols[4].internal_rows.pe_inst pe_G_BUF_ADDR_WIDTH10_G_BUF_DATA_WIDTH8_G_TOP_BITS        1686   2706.284   2031.508     4737.792 
    pe_array_inst_rows[2].cols[0].internal_rows.pe_inst pe_G_BUF_ADDR_WIDTH10_G_BUF_DATA_WIDTH8_G_TOP_BITS        1670   2689.260   2045.462     4734.722 
    pe_array_inst_rows[3].cols[0].internal_rows.pe_inst pe_G_BUF_ADDR_WIDTH10_G_BUF_DATA_WIDTH8_G_TOP_BITS        1670   2689.260   2045.462     4734.722 
    pe_array_inst_rows[2].cols[1].internal_rows.pe_inst pe_G_BUF_ADDR_WIDTH10_G_BUF_DATA_WIDTH8_G_TOP_BITS        1669   2688.728   2044.653     4733.381 
    pe_array_inst_rows[4].cols[5].internal_rows.pe_inst pe_G_BUF_ADDR_WIDTH10_G_BUF_DATA_WIDTH8_G_TOP_BITS        1683   2702.294   2016.805     4719.099 
    pe_array_inst_rows[1].cols[3].internal_rows.pe_inst pe_G_BUF_ADDR_WIDTH10_G_BUF_DATA_WIDTH8_G_TOP_BITS        1673   2690.590   2014.750     4705.340 
    pe_array_inst_rows[4].cols[0].internal_rows.pe_inst pe_G_BUF_ADDR_WIDTH10_G_BUF_DATA_WIDTH8_G_TOP_BITS        1662   2687.930   2012.985     4700.915 
    pe_array_inst_rows[1].cols[5].internal_rows.pe_inst pe_G_BUF_ADDR_WIDTH10_G_BUF_DATA_WIDTH8_G_TOP_BITS        1661   2670.906   2029.057     4699.963 
    pe_array_inst_rows[2].cols[2].internal_rows.pe_inst pe_G_BUF_ADDR_WIDTH10_G_BUF_DATA_WIDTH8_G_TOP_BITS        1667   2685.802   2009.890     4695.692 
    pe_array_inst_rows[3].cols[2].internal_rows.pe_inst pe_G_BUF_ADDR_WIDTH10_G_BUF_DATA_WIDTH8_G_TOP_BITS        1667   2685.802   2009.890     4695.692 
    pe_array_inst_rows[3].cols[5].internal_rows.pe_inst pe_G_BUF_ADDR_WIDTH10_G_BUF_DATA_WIDTH8_G_TOP_BITS        1656   2667.182   2025.008     4692.190 
    pe_array_inst_rows[2].cols[5].internal_rows.pe_inst pe_G_BUF_ADDR_WIDTH10_G_BUF_DATA_WIDTH8_G_TOP_BITS        1655   2666.118   2024.198     4690.316 
    pe_array_inst_rows[1].cols[0].internal_rows.pe_inst pe_G_BUF_ADDR_WIDTH10_G_BUF_DATA_WIDTH8_G_TOP_BITS        1654   2691.388   1996.995     4688.383 
    pe_array_inst_rows[4].cols[3].internal_rows.pe_inst pe_G_BUF_ADDR_WIDTH10_G_BUF_DATA_WIDTH8_G_TOP_BITS        1656   2676.492   2008.125     4684.617 
    pe_array_inst_rows[4].cols[2].internal_rows.pe_inst pe_G_BUF_ADDR_WIDTH10_G_BUF_DATA_WIDTH8_G_TOP_BITS        1656   2676.492   2008.125     4684.617 
    pe_array_inst_rows[4].cols[1].internal_rows.pe_inst pe_G_BUF_ADDR_WIDTH10_G_BUF_DATA_WIDTH8_G_TOP_BITS        1657   2678.620   2002.913     4681.533 
    pe_array_inst_rows[2].cols[4].internal_rows.pe_inst pe_G_BUF_ADDR_WIDTH10_G_BUF_DATA_WIDTH8_G_TOP_BITS        1655   2666.118   2003.723     4669.841 
    pe_array_inst_rows[3].cols[4].internal_rows.pe_inst pe_G_BUF_ADDR_WIDTH10_G_BUF_DATA_WIDTH8_G_TOP_BITS        1655   2666.118   2003.723     4669.841 
    pe_array_inst_rows[3].cols[3].internal_rows.pe_inst pe_G_BUF_ADDR_WIDTH10_G_BUF_DATA_WIDTH8_G_TOP_BITS        1655   2666.118   2003.723     4669.841 
    pe_array_inst_rows[2].cols[3].internal_rows.pe_inst pe_G_BUF_ADDR_WIDTH10_G_BUF_DATA_WIDTH8_G_TOP_BITS        1652   2668.512   1968.151     4636.663 
    pe_array_inst_rows[0].cols[3].top_row.pe_inst       pe_G_BUF_ADDR_WIDTH10_G_BUF_DATA_WIDTH8_G_TOP_BITS        1628   2620.366   2012.652     4633.018 
    pe_array_inst_rows[0].cols[2].top_row.pe_inst       pe_G_BUF_ADDR_WIDTH10_G_BUF_DATA_WIDTH8_G_TOP_BITS        1628   2620.366   2012.652     4633.018 
    pe_array_inst_rows[0].cols[1].top_row.pe_inst       pe_G_BUF_ADDR_WIDTH10_G_BUF_DATA_WIDTH8_G_TOP_BITS        1626   2617.440   1977.890     4595.330 
  buf_array_inst_ifmap_buffer_inst                      buffer_G_BUF_ADDR_WIDTH10_G_BUF_DATA_WIDTH16             41446 133864.500  61139.257   195003.757 
  buf_array_inst_genblk1[8].ifmap_fifo_inst             fifo_FIFO_DATA_WIDTH17_FIFO_BUFFER_SIZE140_2096           4549  17569.566   7557.358    25126.924 
  buf_array_inst_genblk1[3].ifmap_fifo_inst             fifo_FIFO_DATA_WIDTH17_FIFO_BUFFER_SIZE140_2101           4549  17569.566   7557.358    25126.924 
  buf_array_inst_genblk1[4].ifmap_fifo_inst             fifo_FIFO_DATA_WIDTH17_FIFO_BUFFER_SIZE140_2100           4549  17569.566   7557.358    25126.924 
  buf_array_inst_genblk1[6].ifmap_fifo_inst             fifo_FIFO_DATA_WIDTH17_FIFO_BUFFER_SIZE140_2098           4549  17569.566   7557.358    25126.924 
  buf_array_inst_genblk1[7].ifmap_fifo_inst             fifo_FIFO_DATA_WIDTH17_FIFO_BUFFER_SIZE140_2097           4549  17569.566   7557.358    25126.924 
  buf_array_inst_genblk1[2].ifmap_fifo_inst             fifo_FIFO_DATA_WIDTH17_FIFO_BUFFER_SIZE140_2102           4549  17569.566   7557.358    25126.924 
